<?xml version="1.0" encoding="UTF-8"?>
<testsuites name="TsSc" time="3.252" tests="1" failures="0" errors="0">
   <testsuite name="TsSc" tests="1" failures="0" errors="0" time="3.252" skipped="0" timestamp="21-03-2024T14:43:16" hostname="Administrator - 10.53.16.106" id="Test Suites/TsSc">
      <properties>
         <property name="deviceName" value=""/>
         <property name="devicePlatform" value=""/>
         <property name="logFolder" value="C:\\Users\\Administrator\\Katalon Studio\\My First Web UI Project\\Reports\\25670321_144311\\TsSc\\25670321_144311"/>
         <property name="logFiles" value="C:\\Users\\Administrator\\Katalon Studio\\My First Web UI Project\\Reports\\25670321_144311\\TsSc\\25670321_144311\\execution0.log"/>
         <property name="attachments" value=""/>
         <property name="hostName" value="Administrator - 10.53.16.106"/>
         <property name="os" value="Windows 10 64bit"/>
         <property name="katalonVersion" value="9.3.2.212"/>
         <property name="browser" value="Chrome 123.0.0.0"/>
         <property name="hostAddress" value="10.53.16.106"/>
         <property name="sessionId" value="a4cedf626c6278415f6f3945f11f21c3"/>
         <property name="seleniumVersion" value="3.141.59"/>
         <property name="proxyInformation" value="ProxyInformation { proxyOption=NO_PROXY, proxyServerType=HTTP, username=, password=********, proxyServerAddress=, proxyServerPort=0, executionList=&quot;&quot;, isApplyToDesiredCapabilities=true }"/>
         <property name="platform" value="Windows 10"/>
      </properties>
      <testcase name="Test Cases/login sc" time="3.108" classname="Test Cases/login sc" status="PASSED">
         <system-out><![CDATA[21-03-2024T14:43:16 - [TEST_CASE][PASSED] - Test Cases/login sc: Test Cases/login sc

21-03-2024T14:43:16 - [TEST_STEP][PASSED] - openBrowser(""): Browser is opened with url: ''

21-03-2024T14:43:17 - [MESSAGE][INFO] - Starting 'Chrome' driver

21-03-2024T14:43:17 - [MESSAGE][INFO] - Action delay is set to 0 milliseconds

21-03-2024T14:43:18 - [MESSAGE][PASSED] - Browser is opened with url: ''

21-03-2024T14:43:18 - [TEST_STEP][PASSED] - navigateToUrl("https://sc.npru.ac.th/login/"): Navigate to 'https://sc.npru.ac.th/login/' successfully

21-03-2024T14:43:18 - [MESSAGE][PASSED] - Navigate to 'https://sc.npru.ac.th/login/' successfully

21-03-2024T14:43:18 - [TEST_STEP][PASSED] - setText(findTestObject("Object Repository/Page_Login Page/input_Username_username"), "admin"): Text 'admin' is set on object 'Object Repository/Page_Login Page/input_Username_username'

21-03-2024T14:43:19 - [MESSAGE][PASSED] - Text 'admin' is set on object 'Object Repository/Page_Login Page/input_Username_username'

21-03-2024T14:43:19 - [TEST_STEP][PASSED] - setEncryptedText(findTestObject("Object Repository/Page_Login Page/input_Password_password"), "hsPFm2cfhkw="): Text ****** has been set on object 'Object Repository/Page_Login Page/input_Password_password'

21-03-2024T14:43:19 - [MESSAGE][PASSED] - Text ****** has been set on object 'Object Repository/Page_Login Page/input_Password_password'

21-03-2024T14:43:19 - [TEST_STEP][PASSED] - click(findTestObject("Object Repository/Page_Login Page/button_Login")): Object: 'Object Repository/Page_Login Page/button_Login' is clicked on

21-03-2024T14:43:19 - [MESSAGE][PASSED] - Object: 'Object Repository/Page_Login Page/button_Login' is clicked on

21-03-2024T14:43:19 - [TEST_STEP][PASSED] - closeBrowser(): Browser is closed

21-03-2024T14:43:19 - [MESSAGE][PASSED] - Browser is closed]]></system-out>
         <system-err><![CDATA[]]></system-err>
      </testcase>
      <system-out><![CDATA[21-03-2024T14:43:16 - [TEST_SUITE][PASSED] - TsSc: Test Cases/login sc]]></system-out>
      <system-err><![CDATA[]]></system-err>
   </testsuite>
</testsuites>
