<?xml version="1.0" encoding="UTF-8"?>
<testsuites name="Ts001" time="8.078" tests="1" failures="0" errors="0">
   <testsuite name="Ts001" tests="1" failures="0" errors="0" time="8.078" skipped="0" timestamp="21-03-2024T14:32:01" hostname="Administrator - 10.53.16.106" id="Test Suites/Ts001">
      <properties>
         <property name="deviceName" value=""/>
         <property name="devicePlatform" value=""/>
         <property name="logFolder" value="C:\\Users\\Administrator\\Katalon Studio\\My First Web UI Project\\Reports\\25670321_143154\\Ts001\\25670321_143155"/>
         <property name="logFiles" value="C:\\Users\\Administrator\\Katalon Studio\\My First Web UI Project\\Reports\\25670321_143154\\Ts001\\25670321_143155\\execution0.log"/>
         <property name="attachments" value=""/>
         <property name="hostName" value="Administrator - 10.53.16.106"/>
         <property name="os" value="Windows 10 64bit"/>
         <property name="katalonVersion" value="9.3.2.212"/>
         <property name="browser" value="Chrome 123.0.0.0"/>
         <property name="hostAddress" value="10.53.16.106"/>
         <property name="sessionId" value="1870b646f55434b58794f101a876dbbf"/>
         <property name="seleniumVersion" value="3.141.59"/>
         <property name="proxyInformation" value="ProxyInformation { proxyOption=NO_PROXY, proxyServerType=HTTP, username=, password=********, proxyServerAddress=, proxyServerPort=0, executionList=&quot;&quot;, isApplyToDesiredCapabilities=true }"/>
         <property name="platform" value="Windows 10"/>
      </properties>
      <testcase name="Test Cases/login" time="7.937" classname="Test Cases/login" status="PASSED">
         <system-out><![CDATA[21-03-2024T14:32:01 - [TEST_CASE][PASSED] - Test Cases/login: Test Cases/login

21-03-2024T14:32:01 - [TEST_STEP][PASSED] - openBrowser(""): Browser is opened with url: ''

21-03-2024T14:32:02 - [MESSAGE][INFO] - Starting 'Chrome' driver

21-03-2024T14:32:02 - [MESSAGE][INFO] - Action delay is set to 0 milliseconds

21-03-2024T14:32:03 - [MESSAGE][PASSED] - Browser is opened with url: ''

21-03-2024T14:32:03 - [TEST_STEP][PASSED] - navigateToUrl("https://katalon-demo-cura.herokuapp.com/profile.php#login"): Navigate to 'https://katalon-demo-cura.herokuapp.com/profile.php#login' successfully

21-03-2024T14:32:07 - [MESSAGE][PASSED] - Navigate to 'https://katalon-demo-cura.herokuapp.com/profile.php#login' successfully

21-03-2024T14:32:07 - [TEST_STEP][PASSED] - setText(findTestObject("Object Repository/Page_CURA Healthcare Service/input_Username_username"), "John Doe"): Text 'John Doe' is set on object 'Object Repository/Page_CURA Healthcare Service/input_Username_username'

21-03-2024T14:32:08 - [MESSAGE][PASSED] - Text 'John Doe' is set on object 'Object Repository/Page_CURA Healthcare Service/input_Username_username'

21-03-2024T14:32:08 - [TEST_STEP][PASSED] - setEncryptedText(findTestObject("Object Repository/Page_CURA Healthcare Service/input_Password_password"), "g3/DOGG74jC3Flrr3yH+3D/yKbOqqUNM"): Text ****** has been set on object 'Object Repository/Page_CURA Healthcare Service/input_Password_password'

21-03-2024T14:32:08 - [MESSAGE][PASSED] - Text ****** has been set on object 'Object Repository/Page_CURA Healthcare Service/input_Password_password'

21-03-2024T14:32:08 - [TEST_STEP][PASSED] - click(findTestObject("Object Repository/Page_CURA Healthcare Service/button_Login")): Object: 'Object Repository/Page_CURA Healthcare Service/button_Login' is clicked on

21-03-2024T14:32:09 - [MESSAGE][PASSED] - Object: 'Object Repository/Page_CURA Healthcare Service/button_Login' is clicked on

21-03-2024T14:32:09 - [TEST_STEP][PASSED] - closeBrowser(): Browser is closed

21-03-2024T14:32:09 - [MESSAGE][PASSED] - Browser is closed]]></system-out>
         <system-err><![CDATA[]]></system-err>
      </testcase>
      <system-out><![CDATA[21-03-2024T14:32:01 - [TEST_SUITE][PASSED] - Ts001: Test Cases/login]]></system-out>
      <system-err><![CDATA[]]></system-err>
   </testsuite>
</testsuites>
